<?xml version="1.0" encoding="UTF-8"?>
<testng-results ignored="0" total="1" passed="1" failed="0" skipped="0">
  <reporter-output>
  </reporter-output>
  <suite started-at="2025-04-07T20:29:31 IST" name="Suite" finished-at="2025-04-07T20:29:43 IST" duration-ms="11811">
    <groups>
      <group name="cucumber">
        <method signature="AbstractTestNGCucumberTests.runScenario(io.cucumber.testng.PickleWrapper,io.cucumber.testng.FeatureWrapper)[pri:0, instance:K.R@76f2bbc1]" name="runScenario" class="io.cucumber.testng.AbstractTestNGCucumberTests"/>
      </group> <!-- cucumber -->
    </groups>
    <test started-at="2025-04-07T20:29:31 IST" name="Test" finished-at="2025-04-07T20:29:43 IST" duration-ms="11811">
      <class name="K.R">
        <test-method is-config="true" signature="setUpClass(org.testng.ITestContext)[pri:0, instance:K.R@76f2bbc1]" started-at="2025-04-07T20:29:31 IST" name="setUpClass" finished-at="2025-04-07T20:29:31 IST" duration-ms="147" status="PASS">
          <params>
            <param index="0">
              <value>
                <![CDATA[org.testng.TestRunner@7ea08277]]>
              </value>
            </param>
          </params>
          <reporter-output>
          </reporter-output>
        </test-method> <!-- setUpClass -->
        <test-method signature="runScenario(io.cucumber.testng.PickleWrapper,io.cucumber.testng.FeatureWrapper)[pri:0, instance:K.R@76f2bbc1]" started-at="2025-04-07T20:29:31 IST" name="runScenario" description="Runs Cucumber Scenarios" data-provider="scenarios" finished-at="2025-04-07T20:29:43 IST" duration-ms="11414" status="PASS">
          <params>
            <param index="0">
              <value>
                <![CDATA["to test Orange HRM Web Application using Valid Credentials"]]>
              </value>
            </param>
            <param index="1">
              <value>
                <![CDATA["Login feature"]]>
              </value>
            </param>
          </params>
          <reporter-output>
          </reporter-output>
        </test-method> <!-- runScenario -->
        <test-method is-config="true" signature="tearDownClass()[pri:0, instance:K.R@76f2bbc1]" started-at="2025-04-07T20:29:43 IST" name="tearDownClass" finished-at="2025-04-07T20:29:43 IST" duration-ms="207" status="PASS">
          <reporter-output>
          </reporter-output>
        </test-method> <!-- tearDownClass -->
      </class> <!-- K.R -->
    </test> <!-- Test -->
  </suite> <!-- Suite -->
</testng-results>
